<?xml version="1.0" encoding="UTF-8"?>
<!-- Generated by org.testng.reporters.JUnitXMLReporter -->
<testsuite ignored="0" hostname="LAPTOP-F2M9NULS" failures="1" tests="5" name="Test" time="4.229" errors="0" timestamp="2024-02-04T21:57:30 GMT">
  <testcase classname="com.ExcelR.SauceDemoProject1.TS_loginPage" name="loginPageValidation" time="0.369"/>
  <testcase classname="com.ExcelR.SauceDemoProject1.TS_loginPage" name="loginWithInvalidCredentials" time="0.345"/>
  <testcase classname="com.ExcelR.SauceDemoProject1.TS_loginPage" name="loginWithInvalidEmailValidPwd" time="0.347"/>
  <testcase classname="com.ExcelR.SauceDemoProject1.TS_loginPage" name="loginWithValidEmailAndInvalidPwd" time="0.331"/>
  <testcase classname="com.ExcelR.SauceDemoProject1.TS_loginPage" name="loginWithValidaCredentials" time="0.366">
    <failure type="java.lang.NullPointerException" message="Cannot invoke &amp;quot;com.ExcelR.SauceDemoProject1.InventoryPage.clickOnHamburgerMenu()&amp;quot; because &amp;quot;this.ip&amp;quot; is null">
      <![CDATA[java.lang.NullPointerException: Cannot invoke "com.ExcelR.SauceDemoProject1.InventoryPage.clickOnHamburgerMenu()" because "this.ip" is null
at com.ExcelR.SauceDemoProject1.TS_loginPage.loginWithValidaCredentials(TS_loginPage.java:48)
at java.base/java.util.ArrayList.forEach(ArrayList.java:1511)
... Removed 27 stack frames]]>
    </failure>
  </testcase> <!-- loginWithValidaCredentials -->
</testsuite> <!-- Test -->
