<?xml version="1.0" encoding="UTF-8"?>
<!-- Generated by org.testng.reporters.JUnitXMLReporter -->
<testsuite ignored="1" hostname="LAPTOP-F2M9NULS" failures="0" tests="1" name="Default test" time="4.89" errors="0" timestamp="2024-02-08T00:40:56 GMT">
  <testcase classname="com.ExcelR.SauceDemoProject1.TS_Footer" name="footerSocialNetworksValidation" time="0.126"/>
  <testcase classname="com.ExcelR.SauceDemoProject1.TS_Footer" name="footerCopyValidation" time="0.0">
    <ignored/>
  </testcase> <!-- footerCopyValidation -->
</testsuite> <!-- Default test -->
