<?xml version="1.0" encoding="UTF-8"?>
<testng-results ignored="0" total="1" passed="1" failed="0" skipped="0">
  <reporter-output>
  </reporter-output>
  <suite started-at="2024-02-08T00:40:51 GMT" name="Default suite" finished-at="2024-02-08T00:40:56 GMT" duration-ms="4890">
    <groups>
    </groups>
    <test started-at="2024-02-08T00:40:51 GMT" name="Default test" finished-at="2024-02-08T00:40:56 GMT" duration-ms="4890">
      <class name="com.ExcelR.SauceDemoProject1.TS_Footer">
        <test-method is-config="true" signature="setUp()[pri:0, instance:com.ExcelR.SauceDemoProject1.TS_Footer@4108fa66]" started-at="2024-02-08T00:40:51 GMT" name="setUp" finished-at="2024-02-08T00:40:56 GMT" duration-ms="4722" status="PASS">
          <reporter-output>
          </reporter-output>
        </test-method> <!-- setUp -->
        <test-method signature="footerSocialNetworksValidation()[pri:0, instance:com.ExcelR.SauceDemoProject1.TS_Footer@4108fa66]" started-at="2024-02-08T00:40:56 GMT" name="footerSocialNetworksValidation" finished-at="2024-02-08T00:40:56 GMT" duration-ms="126" status="PASS">
          <reporter-output>
          </reporter-output>
        </test-method> <!-- footerSocialNetworksValidation -->
      </class> <!-- com.ExcelR.SauceDemoProject1.TS_Footer -->
    </test> <!-- Default test -->
  </suite> <!-- Default suite -->
</testng-results>
